2022-09-01 16:24:20.667 ERROR [hystrix-manage-1] com.os.config.SpecialErrorDecoder        : =====> methodKey: MailService#sendToken(String)
 2022-09-01 16:24:20.682 ERROR [hystrix-manage-1] com.os.config.SpecialErrorDecoder        : =======> message: {"timestamp":"2022-09-01T09:24:20.579+00:00","status":500,"error":"Internal Server Error","message":"","path":"/sys/mail/sendMail"}
 2022-09-01 16:25:12.539 ERROR [hystrix-manage-2] com.os.config.SpecialErrorDecoder        : =====> methodKey: MailService#sendToken(String)
 2022-09-01 16:25:12.539 ERROR [hystrix-manage-2] com.os.config.SpecialErrorDecoder        : =======> message: {"timestamp":"2022-09-01T09:25:12.536+00:00","status":500,"error":"Internal Server Error","message":"","path":"/sys/mail/sendMail"}
 2022-09-01 16:26:56.785 ERROR [hystrix-manage-3] com.os.config.SpecialErrorDecoder        : =====> methodKey: MailService#sendToken(String)
 2022-09-01 16:26:56.786 ERROR [hystrix-manage-3] com.os.config.SpecialErrorDecoder        : =======> message: {"timestamp":"2022-09-01T09:26:56.784+00:00","status":500,"error":"Internal Server Error","message":"","path":"/sys/mail/sendMail"}
 2022-09-01 16:38:01.278 ERROR [com.alibaba.nacos.naming.push.receiver] com.alibaba.nacos.client.naming          : [NA] error while receiving push data
 
java.net.SocketException: socket closed
	at java.net.DualStackPlainDatagramSocketImpl.socketReceiveOrPeekData(Native Method)
	at java.net.DualStackPlainDatagramSocketImpl.receive0(DualStackPlainDatagramSocketImpl.java:124)
	at java.net.AbstractPlainDatagramSocketImpl.receive(AbstractPlainDatagramSocketImpl.java:143)
	at java.net.DatagramSocket.receive(DatagramSocket.java:812)
	at com.alibaba.nacos.client.naming.core.PushReceiver.run(PushReceiver.java:83)
	at java.util.concurrent.Executors$RunnableAdapter.call(Executors.java:511)
	at java.util.concurrent.FutureTask.run(FutureTask.java:266)
	at java.util.concurrent.ScheduledThreadPoolExecutor$ScheduledFutureTask.access$201(ScheduledThreadPoolExecutor.java:180)
	at java.util.concurrent.ScheduledThreadPoolExecutor$ScheduledFutureTask.run(ScheduledThreadPoolExecutor.java:293)
	at java.util.concurrent.ThreadPoolExecutor.runWorker(ThreadPoolExecutor.java:1149)
	at java.util.concurrent.ThreadPoolExecutor$Worker.run(ThreadPoolExecutor.java:624)
	at java.lang.Thread.run(Thread.java:748)

2022-09-01 16:41:19.873 ERROR [hystrix-manage-1] com.os.config.SpecialErrorDecoder        : =====> methodKey: MailService#sendToken(String)
 2022-09-01 16:41:19.878 ERROR [hystrix-manage-1] com.os.config.SpecialErrorDecoder        : =======> message: {"timestamp":"2022-09-01T09:41:19.772+00:00","status":500,"error":"Internal Server Error","message":"","path":"/sys/mail/sendMail"}
 2022-09-01 16:43:27.810 ERROR [hystrix-manage-2] com.os.config.SpecialErrorDecoder        : =====> methodKey: MailService#sendToken(String)
 2022-09-01 16:43:27.810 ERROR [hystrix-manage-2] com.os.config.SpecialErrorDecoder        : =======> message: {"timestamp":"2022-09-01T09:43:27.807+00:00","status":500,"error":"Internal Server Error","message":"","path":"/sys/mail/sendMail"}
 2022-09-01 16:47:39.140 ERROR [hystrix-manage-3] com.os.config.SpecialErrorDecoder        : =====> methodKey: MailService#sendToken(String)
 2022-09-01 16:47:39.140 ERROR [hystrix-manage-3] com.os.config.SpecialErrorDecoder        : =======> message: {"timestamp":"2022-09-01T09:47:39.138+00:00","status":500,"error":"Internal Server Error","message":"","path":"/sys/mail/sendMail"}
 2022-09-01 17:03:42.157 ERROR [hystrix-manage-1] com.os.config.SpecialErrorDecoder        : =====> methodKey: MailService#sendToken(String)
 2022-09-01 17:03:42.169 ERROR [hystrix-manage-1] com.os.config.SpecialErrorDecoder        : =======> message: {"timestamp":"2022-09-01T10:03:42.010+00:00","status":500,"error":"Internal Server Error","message":"","path":"/sys/mail/sendMail"}
 2022-09-01 17:29:39.708 ERROR [hystrix-manage-1] com.os.config.SpecialErrorDecoder        : =====> methodKey: MailService#sendToken(String)
 2022-09-01 17:29:39.719 ERROR [hystrix-manage-1] com.os.config.SpecialErrorDecoder        : =======> message: {"timestamp":"2022-09-01T10:29:39.563+00:00","status":404,"error":"Not Found","message":"","path":"/sys/mail/sendMail"}
 2022-09-01 17:29:48.859 ERROR [hystrix-manage-2] com.os.config.SpecialErrorDecoder        : =====> methodKey: MailService#sendToken(String)
 2022-09-01 17:29:48.859 ERROR [hystrix-manage-2] com.os.config.SpecialErrorDecoder        : =======> message: {"timestamp":"2022-09-01T10:29:48.857+00:00","status":404,"error":"Not Found","message":"","path":"/sys/mail/sendMail"}
 