2022-09-27 13:32:31.834 INFO  [background-preinit] o.h.validator.internal.util.Version      : HV000001: Hibernate Validator 6.1.6.Final
 2022-09-27 13:32:32.575 INFO  [main] c.a.n.c.c.impl.LocalConfigInfoProcessor  : LOCAL_SNAPSHOT_PATH:C:\Users\Admin\nacos\config
 2022-09-27 13:32:32.608 INFO  [main] c.a.nacos.client.config.impl.Limiter     : limitTime:5.0
 2022-09-27 13:32:32.645 INFO  [main] c.a.nacos.client.config.utils.JvmUtil    : isMultiInstance:false
 2022-09-27 13:32:32.646 DEBUG [main] c.a.c.n.c.NacosPropertySourceBuilder     : Loading nacos data, dataId: 'gateway.properties', group: 'WEB_CTV', data: gateway.port=20000

gateway.application.name=gateway

gateway.context-path=/

gateway.redis.database=0
 2022-09-27 13:32:32.653 DEBUG [main] c.a.c.n.c.NacosPropertySourceBuilder     : Loading nacos data, dataId: 'admin.properties', group: 'WEB_CTV', data: 
admin.port=20003
admin.application.name=admin
admin.context-path=/

 2022-09-27 13:32:32.656 DEBUG [main] c.a.c.n.c.NacosPropertySourceBuilder     : Loading nacos data, dataId: 'content.properties', group: 'WEB_CTV', data: 
content.port=20008
content.application.name=content
content.context-path=/

# database
content.db.hostname=localhost
content.db.port=3306
content.db.database=wctv_content
content.db.username=root
content.db.password=thaibinh

#redis
content.redis.database=0
 2022-09-27 13:32:32.658 DEBUG [main] c.a.c.n.c.NacosPropertySourceBuilder     : Loading nacos data, dataId: 'manage.properties', group: 'WEB_CTV', data: 
manage.port=20008
manage.application.name=manage
manage.context-path=/

# database
manage.db.host=localhost
manage.db.port=3306
manage.db.database=wctv_manage
manage.db.username=root
manage.db.password=thaibinh

# redis
manage.redis.database=0
 2022-09-27 13:32:32.661 DEBUG [main] c.a.c.n.c.NacosPropertySourceBuilder     : Loading nacos data, dataId: 'upload.properties', group: 'WEB_CTV', data: 
upload.port=20005
upload.application.name=upload
upload.context-path=/

# database
upload.db.hostname=localhost
upload.db.port=3306
upload.db.database=wctv_upload
upload.db.username=root
upload.db.password=thaibinh

# redis
upload.redis.database=0

 2022-09-27 13:32:32.664 DEBUG [main] c.a.c.n.c.NacosPropertySourceBuilder     : Loading nacos data, dataId: 'library-major.properties', group: 'WEB_CTV', data: 
#logback-spring
logging.config=classpath:logback-spring.xml

# spring.datasource.drive-class-name
spring.datasource.driver-class-name=com.mysql.cj.jdbc.Driver
# có sử dụng unicode hay không?
userUnicode=true
# mã hóa ký tự
characterEncoding=UTF-8

# redis
common.redis.host=localhost
common.redis.port=4488
common.redis.password=thaibinh
common.redis.database=0

# gmail 
common.mail.host=smtp.gmail.com
common.mail.port=587
common.mail.username=taf.tac.kcalb@gmail.com
common.mail.password=piyuybfwomhktxyf
com.mail.stmp.auth=true
common.mail.transfer.protocol=stmp
common.mail.smtp.starttls.enable=true

# feign
common.hystrix.threadpool.core.size=10
common.hystrix.threadpool.maximum.size=15
common.hystrix.threadpool.maxQueue.size=200

 2022-09-27 13:32:32.669 WARN  [main] c.a.c.n.c.NacosPropertySourceBuilder     : Ignore the empty nacos configuration and get it based on dataId[library-major.properties.properties] & group[WEB_CTV]
 2022-09-27 13:32:32.671 WARN  [main] c.a.c.n.c.NacosPropertySourceBuilder     : Ignore the empty nacos configuration and get it based on dataId[library-major.properties-common-config-dev.properties] & group[WEB_CTV]
 2022-09-27 13:32:32.672 INFO  [main] b.c.PropertySourceBootstrapConfiguration : Located property source: [BootstrapPropertySource {name='bootstrapProperties-library-major.properties-common-config-dev.properties,WEB_CTV'}, BootstrapPropertySource {name='bootstrapProperties-library-major.properties.properties,WEB_CTV'}, BootstrapPropertySource {name='bootstrapProperties-library-major.properties,WEB_CTV'}, BootstrapPropertySource {name='bootstrapProperties-upload.properties,WEB_CTV'}, BootstrapPropertySource {name='bootstrapProperties-manage.properties,WEB_CTV'}, BootstrapPropertySource {name='bootstrapProperties-content.properties,WEB_CTV'}, BootstrapPropertySource {name='bootstrapProperties-admin.properties,WEB_CTV'}, BootstrapPropertySource {name='bootstrapProperties-gateway.properties,WEB_CTV'}]
 2022-09-27 13:32:32.692 INFO  [main] com.os.ApplyUploadApplication            : The following profiles are active: common-config-dev
 2022-09-27 13:32:33.231 INFO  [main] o.s.cloud.context.scope.GenericScope     : BeanFactory id=15b77c6c-3905-35d0-a70f-043434e27b82
 2022-09-27 13:32:33.379 WARN  [main] io.undertow.websockets.jsr               : UT026010: Buffer pool was not set on WebSocketDeploymentInfo, the default pool will be used
 2022-09-27 13:32:33.401 INFO  [main] io.undertow.servlet                      : Initializing Spring embedded WebApplicationContext
 2022-09-27 13:32:33.402 INFO  [main] w.s.c.ServletWebServerApplicationContext : Root WebApplicationContext: initialization completed in 697 ms
 2022-09-27 13:32:33.475 INFO  [main] o.s.s.concurrent.ThreadPoolTaskExecutor  : Initializing ExecutorService
 2022-09-27 13:32:33.476 INFO  [main] o.s.s.concurrent.ThreadPoolTaskExecutor  : Initializing ExecutorService 'taskThreadPoolExecutor'
 2022-09-27 13:32:33.476 INFO  [main] o.s.s.concurrent.ThreadPoolTaskScheduler : Initializing ExecutorService
 2022-09-27 13:32:33.478 INFO  [main] o.s.s.concurrent.ThreadPoolTaskScheduler : Initializing ExecutorService 'taskScheduler'
 2022-09-27 13:32:33.500 WARN  [main] c.n.c.sources.URLConfigurationSource     : No URLs will be polled as dynamic configuration sources.
 2022-09-27 13:32:33.501 INFO  [main] c.n.c.sources.URLConfigurationSource     : To enable URLs as dynamic configuration sources, define System property archaius.configurationSource.additionalUrls or make config.properties available on classpath.
 2022-09-27 13:32:33.506 WARN  [main] c.n.c.sources.URLConfigurationSource     : No URLs will be polled as dynamic configuration sources.
 2022-09-27 13:32:33.506 INFO  [main] c.n.c.sources.URLConfigurationSource     : To enable URLs as dynamic configuration sources, define System property archaius.configurationSource.additionalUrls or make config.properties available on classpath.
 2022-09-27 13:32:34.153 INFO  [main] com.alibaba.nacos.client.naming          : initializer namespace from System Property :null
 2022-09-27 13:32:34.154 INFO  [main] com.alibaba.nacos.client.naming          : initializer namespace from System Environment :null
 2022-09-27 13:32:34.154 INFO  [main] com.alibaba.nacos.client.naming          : initializer namespace from System Property :null
 2022-09-27 13:32:34.221 INFO  [main] com.alibaba.nacos.client.naming          : [LISTENER] adding WEB_CTV@@upload with DEFAULT to listener map
 2022-09-27 13:32:34.227 INFO  [main] io.undertow                              : starting server: Undertow - 2.1.4.Final
 2022-09-27 13:32:34.232 INFO  [main] org.xnio                                 : XNIO version 3.8.0.Final
 2022-09-27 13:32:34.237 INFO  [main] org.xnio.nio                             : XNIO NIO Implementation Version 3.8.0.Final
 2022-09-27 13:32:34.267 INFO  [main] org.jboss.threads                        : JBoss Threads version 3.1.0.Final
 2022-09-27 13:32:34.298 INFO  [main] o.s.b.w.e.undertow.UndertowWebServer     : Undertow started on port(s) 20005 (http)
 2022-09-27 13:32:34.302 INFO  [main] com.alibaba.nacos.client.naming          : [BEAT] adding beat: BeatInfo{port=20005, ip='192.168.28.38', weight=1.0, serviceName='WEB_CTV@@upload', cluster='DEFAULT', metadata={preserved.register.source=SPRING_CLOUD}, scheduled=false, period=5000, stopped=false} to beat map.
 2022-09-27 13:32:34.303 INFO  [main] com.alibaba.nacos.client.naming          : [REGISTER-SERVICE] 25df333f-6d49-4053-9ecd-207058071611 registering service WEB_CTV@@upload with instance: Instance{instanceId='null', ip='192.168.28.38', port=20005, weight=1.0, healthy=true, enabled=true, ephemeral=true, clusterName='DEFAULT', serviceName='null', metadata={preserved.register.source=SPRING_CLOUD}}
 2022-09-27 13:32:34.305 INFO  [main] c.a.c.n.registry.NacosServiceRegistry    : nacos registry, WEB_CTV upload 192.168.28.38:20005 register finished
 2022-09-27 13:32:34.392 INFO  [main] com.os.ApplyUploadApplication            : Started ApplyUploadApplication in 3.712 seconds (JVM running for 5.204)
 2022-09-27 13:32:34.393 INFO  [main] com.alibaba.nacos.client.naming          : initializer namespace from System Property :null
 2022-09-27 13:32:34.393 INFO  [main] com.alibaba.nacos.client.naming          : initializer namespace from System Environment :null
 2022-09-27 13:32:34.393 INFO  [main] com.alibaba.nacos.client.naming          : initializer namespace from System Property :null
 2022-09-27 13:32:34.394 INFO  [main] com.os.nacos.NacosConfig                 : =====> appId: 192.168.28.38
 2022-09-27 13:32:34.399 INFO  [main] com.alibaba.nacos.client.naming          : init new ips(0) service: DEFAULT_GROUP@@WEB_CTV -> []
 2022-09-27 13:32:34.405 INFO  [main] com.alibaba.nacos.client.naming          : current ips:(0) service: DEFAULT_GROUP@@WEB_CTV -> []
 2022-09-27 13:32:34.406 INFO  [main] com.os.nacos.NacosConfig                 : =====> all instance of (WEB_CTV@@upload) is: []
 2022-09-27 13:32:34.406 INFO  [main] com.alibaba.nacos.client.naming          : [LISTENER] adding DEFAULT_GROUP@@WEB_CTV@@upload with  to listener map
 2022-09-27 13:32:34.406 INFO  [com.alibaba.nacos.naming.client.listener] com.os.nacos.NacosConfig                 : =====> serviceName: DEFAULT_GROUP@@WEB_CTV@@upload
 2022-09-27 13:32:34.406 INFO  [com.alibaba.nacos.naming.client.listener] com.os.nacos.NacosConfig                 : =====> instances of: []
 2022-09-27 13:32:34.409 INFO  [main] c.a.n.client.config.impl.ClientWorker    : [fixed-127.0.0.1_8848-25df333f-6d49-4053-9ecd-207058071611] [subscribe] gateway.properties+WEB_CTV+25df333f-6d49-4053-9ecd-207058071611
 2022-09-27 13:32:34.410 INFO  [main] c.a.nacos.client.config.impl.CacheData   : [fixed-127.0.0.1_8848-25df333f-6d49-4053-9ecd-207058071611] [add-listener] ok, tenant=25df333f-6d49-4053-9ecd-207058071611, dataId=gateway.properties, group=WEB_CTV, cnt=1
 2022-09-27 13:32:34.412 INFO  [main] c.a.n.client.config.impl.ClientWorker    : [fixed-127.0.0.1_8848-25df333f-6d49-4053-9ecd-207058071611] [subscribe] library-major.properties+WEB_CTV+25df333f-6d49-4053-9ecd-207058071611
 2022-09-27 13:32:34.412 INFO  [main] c.a.nacos.client.config.impl.CacheData   : [fixed-127.0.0.1_8848-25df333f-6d49-4053-9ecd-207058071611] [add-listener] ok, tenant=25df333f-6d49-4053-9ecd-207058071611, dataId=library-major.properties, group=WEB_CTV, cnt=1
 2022-09-27 13:32:34.414 INFO  [main] c.a.n.client.config.impl.ClientWorker    : [fixed-127.0.0.1_8848-25df333f-6d49-4053-9ecd-207058071611] [subscribe] content.properties+WEB_CTV+25df333f-6d49-4053-9ecd-207058071611
 2022-09-27 13:32:34.414 INFO  [main] c.a.nacos.client.config.impl.CacheData   : [fixed-127.0.0.1_8848-25df333f-6d49-4053-9ecd-207058071611] [add-listener] ok, tenant=25df333f-6d49-4053-9ecd-207058071611, dataId=content.properties, group=WEB_CTV, cnt=1
 2022-09-27 13:32:34.414 INFO  [main] c.a.n.client.config.impl.ClientWorker    : [fixed-127.0.0.1_8848-25df333f-6d49-4053-9ecd-207058071611] [subscribe] library-major.properties-common-config-dev.properties+WEB_CTV+25df333f-6d49-4053-9ecd-207058071611
 2022-09-27 13:32:34.414 INFO  [main] c.a.nacos.client.config.impl.CacheData   : [fixed-127.0.0.1_8848-25df333f-6d49-4053-9ecd-207058071611] [add-listener] ok, tenant=25df333f-6d49-4053-9ecd-207058071611, dataId=library-major.properties-common-config-dev.properties, group=WEB_CTV, cnt=1
 2022-09-27 13:32:34.416 INFO  [main] c.a.n.client.config.impl.ClientWorker    : [fixed-127.0.0.1_8848-25df333f-6d49-4053-9ecd-207058071611] [subscribe] upload.properties+WEB_CTV+25df333f-6d49-4053-9ecd-207058071611
 2022-09-27 13:32:34.417 INFO  [main] c.a.nacos.client.config.impl.CacheData   : [fixed-127.0.0.1_8848-25df333f-6d49-4053-9ecd-207058071611] [add-listener] ok, tenant=25df333f-6d49-4053-9ecd-207058071611, dataId=upload.properties, group=WEB_CTV, cnt=1
 2022-09-27 13:32:34.418 INFO  [main] c.a.n.client.config.impl.ClientWorker    : [fixed-127.0.0.1_8848-25df333f-6d49-4053-9ecd-207058071611] [subscribe] library-major.properties.properties+WEB_CTV+25df333f-6d49-4053-9ecd-207058071611
 2022-09-27 13:32:34.418 INFO  [main] c.a.nacos.client.config.impl.CacheData   : [fixed-127.0.0.1_8848-25df333f-6d49-4053-9ecd-207058071611] [add-listener] ok, tenant=25df333f-6d49-4053-9ecd-207058071611, dataId=library-major.properties.properties, group=WEB_CTV, cnt=1
 2022-09-27 13:32:34.420 INFO  [main] c.a.n.client.config.impl.ClientWorker    : [fixed-127.0.0.1_8848-25df333f-6d49-4053-9ecd-207058071611] [subscribe] manage.properties+WEB_CTV+25df333f-6d49-4053-9ecd-207058071611
 2022-09-27 13:32:34.421 INFO  [main] c.a.nacos.client.config.impl.CacheData   : [fixed-127.0.0.1_8848-25df333f-6d49-4053-9ecd-207058071611] [add-listener] ok, tenant=25df333f-6d49-4053-9ecd-207058071611, dataId=manage.properties, group=WEB_CTV, cnt=1
 2022-09-27 13:32:34.422 INFO  [main] c.a.n.client.config.impl.ClientWorker    : [fixed-127.0.0.1_8848-25df333f-6d49-4053-9ecd-207058071611] [subscribe] admin.properties+WEB_CTV+25df333f-6d49-4053-9ecd-207058071611
 2022-09-27 13:32:34.422 INFO  [main] c.a.nacos.client.config.impl.CacheData   : [fixed-127.0.0.1_8848-25df333f-6d49-4053-9ecd-207058071611] [add-listener] ok, tenant=25df333f-6d49-4053-9ecd-207058071611, dataId=admin.properties, group=WEB_CTV, cnt=1
 2022-09-27 13:32:34.777 INFO  [com.alibaba.nacos.naming.push.receiver] com.alibaba.nacos.client.naming          : received push data: {"type":"dom","data":"{\"name\":\"WEB_CTV@@upload\",\"clusters\":\"DEFAULT\",\"cacheMillis\":10000,\"hosts\":[{\"instanceId\":\"192.168.28.38#20005#DEFAULT#WEB_CTV@@upload\",\"ip\":\"192.168.28.38\",\"port\":20005,\"weight\":1.0,\"healthy\":true,\"enabled\":true,\"ephemeral\":true,\"clusterName\":\"DEFAULT\",\"serviceName\":\"WEB_CTV@@upload\",\"metadata\":{\"preserved.register.source\":\"SPRING_CLOUD\"},\"instanceHeartBeatTimeOut\":15000,\"ipDeleteTimeout\":30000,\"instanceHeartBeatInterval\":5000}],\"lastRefTime\":1664260354775,\"checksum\":\"\",\"allIPs\":false,\"reachProtectionThreshold\":false,\"valid\":true}","lastRefTime":449609754424200} from /192.168.28.38
 2022-09-27 13:32:34.790 INFO  [com.alibaba.nacos.naming.push.receiver] com.alibaba.nacos.client.naming          : new ips(1) service: WEB_CTV@@upload@@DEFAULT -> [{"instanceId":"192.168.28.38#20005#DEFAULT#WEB_CTV@@upload","ip":"192.168.28.38","port":20005,"weight":1.0,"healthy":true,"enabled":true,"ephemeral":true,"clusterName":"DEFAULT","serviceName":"WEB_CTV@@upload","metadata":{"preserved.register.source":"SPRING_CLOUD"},"ipDeleteTimeout":30000,"instanceHeartBeatTimeOut":15000,"instanceHeartBeatInterval":5000}]
 2022-09-27 13:32:34.793 INFO  [main] c.netflix.config.ChainedDynamicProperty  : Flipping property: upload.ribbon.ActiveConnectionsLimit to use NEXT property: niws.loadbalancer.availabilityFilteringRule.activeConnectionsLimit = 2147483647
 2022-09-27 13:32:34.800 INFO  [com.alibaba.nacos.naming.push.receiver] com.alibaba.nacos.client.naming          : current ips:(1) service: WEB_CTV@@upload@@DEFAULT -> [{"instanceId":"192.168.28.38#20005#DEFAULT#WEB_CTV@@upload","ip":"192.168.28.38","port":20005,"weight":1.0,"healthy":true,"enabled":true,"ephemeral":true,"clusterName":"DEFAULT","serviceName":"WEB_CTV@@upload","metadata":{"preserved.register.source":"SPRING_CLOUD"},"ipDeleteTimeout":30000,"instanceHeartBeatTimeOut":15000,"instanceHeartBeatInterval":5000}]
 2022-09-27 13:32:34.809 INFO  [main] c.netflix.loadbalancer.BaseLoadBalancer  : Client: upload instantiated a LoadBalancer: DynamicServerListLoadBalancer:{NFLoadBalancer:name=upload,current list of Servers=[],Load balancer stats=Zone stats: {},Server stats: []}ServerList:null
 2022-09-27 13:32:34.814 INFO  [main] c.n.l.DynamicServerListLoadBalancer      : Using serverListUpdater PollingServerListUpdater
 2022-09-27 13:32:34.820 INFO  [main] com.alibaba.nacos.client.naming          : new ips(1) service: WEB_CTV@@upload -> [{"instanceId":"192.168.28.38#20005#DEFAULT#WEB_CTV@@upload","ip":"192.168.28.38","port":20005,"weight":1.0,"healthy":true,"enabled":true,"ephemeral":true,"clusterName":"DEFAULT","serviceName":"WEB_CTV@@upload","metadata":{"preserved.register.source":"SPRING_CLOUD"},"ipDeleteTimeout":30000,"instanceHeartBeatTimeOut":15000,"instanceHeartBeatInterval":5000}]
 2022-09-27 13:32:34.821 INFO  [main] com.alibaba.nacos.client.naming          : current ips:(1) service: WEB_CTV@@upload -> [{"instanceId":"192.168.28.38#20005#DEFAULT#WEB_CTV@@upload","ip":"192.168.28.38","port":20005,"weight":1.0,"healthy":true,"enabled":true,"ephemeral":true,"clusterName":"DEFAULT","serviceName":"WEB_CTV@@upload","metadata":{"preserved.register.source":"SPRING_CLOUD"},"ipDeleteTimeout":30000,"instanceHeartBeatTimeOut":15000,"instanceHeartBeatInterval":5000}]
 2022-09-27 13:32:34.829 INFO  [main] c.netflix.config.ChainedDynamicProperty  : Flipping property: upload.ribbon.ActiveConnectionsLimit to use NEXT property: niws.loadbalancer.availabilityFilteringRule.activeConnectionsLimit = 2147483647
 2022-09-27 13:32:34.830 INFO  [main] c.n.l.DynamicServerListLoadBalancer      : DynamicServerListLoadBalancer for client upload initialized: DynamicServerListLoadBalancer:{NFLoadBalancer:name=upload,current list of Servers=[192.168.28.38:20005],Load balancer stats=Zone stats: {unknown=[Zone:unknown;	Instance count:1;	Active connections count: 0;	Circuit breaker tripped count: 0;	Active connections per server: 0.0;]
},Server stats: [[Server:192.168.28.38:20005;	Zone:UNKNOWN;	Total Requests:0;	Successive connection failure:0;	Total blackout seconds:0;	Last connection made:Thu Jan 01 07:00:00 ICT 1970;	First connection made: Thu Jan 01 07:00:00 ICT 1970;	Active Connections:0;	total failure count in last (1000) msecs:0;	average resp time:0.0;	90 percentile resp time:0.0;	95 percentile resp time:0.0;	min resp time:0.0;	max resp time:0.0;	stddev resp time:0.0]
]}ServerList:com.alibaba.cloud.nacos.ribbon.NacosServerList@7493d937
 2022-09-27 13:32:34.994 INFO  [com.alibaba.nacos.naming.push.receiver] com.alibaba.nacos.client.naming          : received push data: {"type":"dom","data":"{\"name\":\"DEFAULT_GROUP@@WEB_CTV\",\"clusters\":\"\",\"cacheMillis\":10000,\"hosts\":[],\"lastRefTime\":1664260354992,\"checksum\":\"\",\"allIPs\":false,\"reachProtectionThreshold\":false,\"valid\":true}","lastRefTime":449609970513500} from /192.168.28.38
 2022-09-27 13:32:35.819 INFO  [PollingServerListUpdater-0] c.netflix.config.ChainedDynamicProperty  : Flipping property: upload.ribbon.ActiveConnectionsLimit to use NEXT property: niws.loadbalancer.availabilityFilteringRule.activeConnectionsLimit = 2147483647
 2022-09-27 13:32:55.349 INFO  [Thread-32] c.n.l.PollingServerListUpdater           : Shutting down the Executor Pool for PollingServerListUpdater
 2022-09-27 13:32:55.353 INFO  [SpringContextShutdownHook] io.undertow                              : stopping server: Undertow - 2.1.4.Final
 2022-09-27 13:32:55.362 INFO  [SpringContextShutdownHook] o.s.s.concurrent.ThreadPoolTaskScheduler : Shutting down ExecutorService 'taskScheduler'
 2022-09-27 13:32:55.364 WARN  [SpringContextShutdownHook] o.s.c.support.DefaultLifecycleProcessor  : Failed to stop bean 'nacosWatch'
 
java.lang.NullPointerException: null
	at io.undertow.servlet.spec.ServletContextImpl.getInitParameterNames(ServletContextImpl.java:430)
	at org.springframework.web.context.support.ServletContextPropertySource.getPropertyNames(ServletContextPropertySource.java:41)
	at com.alibaba.spring.util.PropertySourcesUtils.getPropertyNames(PropertySourcesUtils.java:130)
	at com.alibaba.spring.util.PropertySourcesUtils.getSubProperties(PropertySourcesUtils.java:103)
	at com.alibaba.spring.util.PropertySourcesUtils.getSubProperties(PropertySourcesUtils.java:57)
	at com.alibaba.cloud.nacos.NacosDiscoveryProperties.enrichNacosDiscoveryProperties(NacosDiscoveryProperties.java:616)
	at com.alibaba.cloud.nacos.NacosDiscoveryProperties.getNacosProperties(NacosDiscoveryProperties.java:610)
	at com.alibaba.cloud.nacos.discovery.NacosWatch.stop(NacosWatch.java:166)
	at com.alibaba.cloud.nacos.discovery.NacosWatch.stop(NacosWatch.java:98)
	at org.springframework.context.support.DefaultLifecycleProcessor.doStop(DefaultLifecycleProcessor.java:238)
	at org.springframework.context.support.DefaultLifecycleProcessor.access$300(DefaultLifecycleProcessor.java:53)
	at org.springframework.context.support.DefaultLifecycleProcessor$LifecycleGroup.stop(DefaultLifecycleProcessor.java:377)
	at org.springframework.context.support.DefaultLifecycleProcessor.stopBeans(DefaultLifecycleProcessor.java:210)
	at org.springframework.context.support.DefaultLifecycleProcessor.onClose(DefaultLifecycleProcessor.java:128)
	at org.springframework.context.support.AbstractApplicationContext.doClose(AbstractApplicationContext.java:1022)
	at org.springframework.boot.web.servlet.context.ServletWebServerApplicationContext.doClose(ServletWebServerApplicationContext.java:170)
	at org.springframework.context.support.AbstractApplicationContext$1.run(AbstractApplicationContext.java:949)

